<?xml version="1.0" encoding="UTF-8"?>
<!-- Generated by org.testng.reporters.JUnitReportReporter -->
<testsuite hostname="DESKTOP-OK8I0UH" name="com.SwagDemo.Test.TestCase_No1" tests="4" failures="0" timestamp="4 May 2021 16:19:42 GMT" time="1.038" errors="0">
  <testcase name="TestCase1" time="1.032" classname="com.SwagDemo.Test.TestCase_No1"/>
  <testcase name="TestCase2" time="0.001" classname="com.SwagDemo.Test.TestCase_No1"/>
  <testcase name="TestCase3" time="0.004" classname="com.SwagDemo.Test.TestCase_No1"/>
  <testcase name="TestCase4" time="0.001" classname="com.SwagDemo.Test.TestCase_No1"/>
</testsuite> <!-- com.SwagDemo.Test.TestCase_No1 -->
