<?xml version="1.0" encoding="UTF-8"?>
<!-- Generated by org.testng.reporters.JUnitReportReporter -->
<testsuite hostname="DESKTOP-OK8I0UH" name="TestCase_No1" tests="4" failures="0" timestamp="22 Mar 2021 18:31:28 GMT" time="0.923" errors="0">
  <testcase name="TestCase2" time="0.001" classname="TestCase_No1"/>
  <testcase name="TestCase3" time="0.001" classname="TestCase_No1"/>
  <testcase name="TestCase4" time="0.002" classname="TestCase_No1"/>
  <testcase name="Login" time="0.919" classname="TestCase_No1"/>
</testsuite> <!-- TestCase_No1 -->
